[2025-07-16 17:50:25] [INFO] [root] Starting database migration...
[2025-07-16 17:50:25] [INFO] [root]  DB connection successful.
[2025-07-16 17:50:25] [INFO] [root] Running Alembic migration via subprocess...
[2025-07-16 17:50:27] [INFO] [root]  Migration SQL executed successfully.
[2025-07-16 17:50:27] [INFO] [root]  Database migration process complete.
[2025-07-16 17:50:27] [INFO] [app.main] Application is starting...
[2025-07-16 17:50:38] [INFO] [app.main] Application is shutting down...
[2025-07-16 17:50:40] [INFO] [root] Starting database migration...
[2025-07-16 17:50:40] [INFO] [root]  DB connection successful.
[2025-07-16 17:50:40] [INFO] [root] Running Alembic migration via subprocess...
[2025-07-16 17:50:42] [INFO] [root]  Migration SQL executed successfully.
[2025-07-16 17:50:42] [INFO] [root]  Database migration process complete.
[2025-07-16 17:50:42] [INFO] [app.main] Application is starting...
[2025-07-16 17:54:45] [INFO] [app.main] Application is shutting down...
[2025-07-16 17:54:52] [INFO] [root] Starting database migration...
[2025-07-16 17:54:52] [INFO] [root]  DB connection successful.
[2025-07-16 17:54:52] [INFO] [root] Running Alembic migration via subprocess...
[2025-07-16 17:54:54] [INFO] [root]  Migration SQL executed successfully.
[2025-07-16 17:54:54] [INFO] [root]  Database migration process complete.
[2025-07-16 17:54:54] [INFO] [app.main] Application is starting...
[2025-07-16 17:55:17] [INFO] [app.main] Application is shutting down...
[2025-07-16 17:55:22] [INFO] [root] Starting database migration...
[2025-07-16 17:55:22] [INFO] [root]  DB connection successful.
[2025-07-16 17:55:22] [INFO] [root] Running Alembic migration via subprocess...
[2025-07-16 17:55:24] [INFO] [root]  Migration SQL executed successfully.
[2025-07-16 17:55:24] [INFO] [root]  Database migration process complete.
[2025-07-16 17:55:24] [INFO] [app.main] Application is starting...
[2025-07-16 17:56:24] [INFO] [app.main] Application is shutting down...
[2025-07-16 17:56:31] [INFO] [root] Starting database migration...
[2025-07-16 17:56:31] [INFO] [root]  DB connection successful.
[2025-07-16 17:56:31] [INFO] [root] Running Alembic migration via subprocess...
[2025-07-16 17:56:34] [INFO] [root]  Migration SQL executed successfully.
[2025-07-16 17:56:34] [INFO] [root]  Database migration process complete.
[2025-07-16 17:56:34] [INFO] [app.main] Application is starting...
[2025-07-16 17:56:34] [INFO] [app.main] HTTP Request
[2025-07-16 17:56:34] [INFO] [app.main] HTTP Response
[2025-07-16 17:56:34] [INFO] [app.main] HTTP Request
[2025-07-16 17:56:34] [INFO] [app.main] HTTP Response
[2025-07-16 17:56:43] [INFO] [app.main] HTTP Request
[2025-07-16 17:56:43] [WARNING] [app.main] HTTP Response
[2025-07-16 17:56:43] [INFO] [app.main] HTTP Request
[2025-07-16 17:56:43] [WARNING] [app.main] HTTP Response
[2025-07-16 17:58:06] [INFO] [app.main] HTTP Request
[2025-07-16 17:58:06] [INFO] [app.main] HTTP Response
[2025-07-16 17:58:06] [INFO] [app.main] HTTP Request
[2025-07-16 17:58:06] [INFO] [app.main] HTTP Response
[2025-07-16 17:58:11] [INFO] [app.main] HTTP Request
[2025-07-16 17:58:12] [INFO] [app.main] HTTP Response
[2025-07-16 17:58:18] [INFO] [app.main] HTTP Request
[2025-07-16 17:58:18] [INFO] [app.main] HTTP Response
[2025-07-16 17:58:45] [INFO] [app.main] HTTP Request
[2025-07-16 17:58:45] [INFO] [app.main] HTTP Response
[2025-07-16 20:50:40] [INFO] [app.main] Application is shutting down...
[2025-07-16 20:50:48] [INFO] [root] Starting database migration...
[2025-07-16 20:50:48] [INFO] [root]  DB connection successful.
[2025-07-16 20:50:48] [INFO] [root] Running Alembic migration via subprocess...
[2025-07-16 20:50:49] [INFO] [root]  Migration SQL executed successfully.
[2025-07-16 20:50:49] [INFO] [root]  Database migration process complete.
[2025-07-16 20:50:49] [INFO] [app.main] Application is starting...
[2025-07-16 20:51:41] [INFO] [app.main] HTTP Request
[2025-07-16 20:51:42] [INFO] [app.main] HTTP Response
[2025-07-16 20:51:42] [DEBUG] [urllib3.connectionpool] Starting new HTTPS connection (1): api.resend.com:443
[2025-07-16 20:51:43] [DEBUG] [urllib3.connectionpool] https://api.resend.com:443 "POST /emails HTTP/1.1" 200 None
[2025-07-17 11:12:52] [INFO] [root] Starting database migration...
[2025-07-17 11:12:52] [INFO] [root]  DB connection successful.
[2025-07-17 11:12:52] [INFO] [root] Running Alembic migration via subprocess...
[2025-07-17 11:12:54] [INFO] [root]  Migration SQL executed successfully.
[2025-07-17 11:12:54] [INFO] [root]  Database migration process complete.
[2025-07-17 11:12:54] [INFO] [app.main] Application is starting...
[2025-07-17 11:14:53] [INFO] [app.main] Application is shutting down...
[2025-07-17 11:14:56] [INFO] [root] Starting database migration...
[2025-07-17 11:14:56] [INFO] [root]  DB connection successful.
[2025-07-17 11:14:56] [INFO] [root] Running Alembic migration via subprocess...
[2025-07-17 11:14:58] [INFO] [root]  Migration SQL executed successfully.
[2025-07-17 11:14:58] [INFO] [root]  Database migration process complete.
[2025-07-17 11:14:58] [INFO] [app.main] Application is starting...
[2025-07-17 11:20:19] [INFO] [app.main] Application is shutting down...
